2025/06/24 17:07:37 [emerg] 1#1: "server" directive is not allowed here in /etc/nginx/nginx.conf:1
2025/06/24 17:07:38 [emerg] 1#1: "server" directive is not allowed here in /etc/nginx/nginx.conf:1
2025/06/24 17:07:39 [emerg] 1#1: "server" directive is not allowed here in /etc/nginx/nginx.conf:1
2025/06/24 17:07:40 [emerg] 1#1: "server" directive is not allowed here in /etc/nginx/nginx.conf:1
2025/06/24 17:07:41 [emerg] 1#1: "server" directive is not allowed here in /etc/nginx/nginx.conf:1
2025/06/24 17:07:42 [emerg] 1#1: "server" directive is not allowed here in /etc/nginx/nginx.conf:1
2025/06/24 17:07:43 [emerg] 1#1: "server" directive is not allowed here in /etc/nginx/nginx.conf:1
2025/06/24 17:07:43 [emerg] 1#1: "server" directive is not allowed here in /etc/nginx/nginx.conf:1
2025/06/24 17:07:44 [emerg] 1#1: "server" directive is not allowed here in /etc/nginx/nginx.conf:1
2025/06/24 17:07:45 [emerg] 1#1: "server" directive is not allowed here in /etc/nginx/nginx.conf:1
2025/06/24 17:07:46 [emerg] 1#1: "server" directive is not allowed here in /etc/nginx/nginx.conf:1
2025/06/24 17:07:47 [emerg] 1#1: "server" directive is not allowed here in /etc/nginx/nginx.conf:1
2025/06/24 17:07:48 [emerg] 1#1: "server" directive is not allowed here in /etc/nginx/nginx.conf:1
2025/06/24 17:07:49 [emerg] 1#1: "server" directive is not allowed here in /etc/nginx/nginx.conf:1
2025/06/24 17:07:49 [emerg] 1#1: "server" directive is not allowed here in /etc/nginx/nginx.conf:1
2025/06/24 17:07:50 [emerg] 1#1: "server" directive is not allowed here in /etc/nginx/nginx.conf:1
2025/06/24 17:07:51 [emerg] 1#1: "server" directive is not allowed here in /etc/nginx/nginx.conf:1
2025/06/24 17:07:52 [emerg] 1#1: "server" directive is not allowed here in /etc/nginx/nginx.conf:1
2025/06/24 17:07:53 [emerg] 1#1: "server" directive is not allowed here in /etc/nginx/nginx.conf:1
2025/06/24 17:07:54 [emerg] 1#1: "server" directive is not allowed here in /etc/nginx/nginx.conf:1
2025/06/24 17:07:55 [emerg] 1#1: "server" directive is not allowed here in /etc/nginx/nginx.conf:1
2025/06/24 17:07:55 [emerg] 1#1: "server" directive is not allowed here in /etc/nginx/nginx.conf:1
2025/06/24 17:07:56 [emerg] 1#1: "server" directive is not allowed here in /etc/nginx/nginx.conf:1
2025/06/24 17:07:57 [emerg] 1#1: "server" directive is not allowed here in /etc/nginx/nginx.conf:1
2025/06/24 17:07:58 [emerg] 1#1: "server" directive is not allowed here in /etc/nginx/nginx.conf:1
2025/06/24 17:07:59 [emerg] 1#1: "server" directive is not allowed here in /etc/nginx/nginx.conf:1
2025/06/24 17:08:00 [emerg] 1#1: "server" directive is not allowed here in /etc/nginx/nginx.conf:1
2025/06/24 17:08:01 [emerg] 1#1: "server" directive is not allowed here in /etc/nginx/nginx.conf:1
2025/06/24 17:08:02 [emerg] 1#1: "server" directive is not allowed here in /etc/nginx/nginx.conf:1
2025/06/24 17:08:03 [emerg] 1#1: "server" directive is not allowed here in /etc/nginx/nginx.conf:1
2025/06/24 17:08:03 [emerg] 1#1: "server" directive is not allowed here in /etc/nginx/nginx.conf:1
2025/06/24 17:08:04 [emerg] 1#1: "server" directive is not allowed here in /etc/nginx/nginx.conf:1
2025/06/24 17:08:05 [emerg] 1#1: "server" directive is not allowed here in /etc/nginx/nginx.conf:1
2025/06/24 17:08:06 [emerg] 1#1: "server" directive is not allowed here in /etc/nginx/nginx.conf:1
2025/06/24 17:08:07 [emerg] 1#1: "server" directive is not allowed here in /etc/nginx/nginx.conf:1
2025/06/24 17:08:08 [emerg] 1#1: "server" directive is not allowed here in /etc/nginx/nginx.conf:1
2025/06/24 17:08:08 [emerg] 1#1: "server" directive is not allowed here in /etc/nginx/nginx.conf:1
2025/06/24 17:08:09 [emerg] 1#1: "server" directive is not allowed here in /etc/nginx/nginx.conf:1
2025/06/24 17:08:10 [emerg] 1#1: "server" directive is not allowed here in /etc/nginx/nginx.conf:1
2025/06/24 17:08:11 [emerg] 1#1: "server" directive is not allowed here in /etc/nginx/nginx.conf:1
2025/06/24 17:08:12 [emerg] 1#1: "server" directive is not allowed here in /etc/nginx/nginx.conf:1
2025/06/24 17:08:13 [emerg] 1#1: "server" directive is not allowed here in /etc/nginx/nginx.conf:1
2025/06/24 17:08:14 [emerg] 1#1: "server" directive is not allowed here in /etc/nginx/nginx.conf:1
2025/06/24 17:08:15 [emerg] 1#1: "server" directive is not allowed here in /etc/nginx/nginx.conf:1
2025/06/24 17:08:16 [emerg] 1#1: "server" directive is not allowed here in /etc/nginx/nginx.conf:1
2025/06/24 17:08:17 [emerg] 1#1: "server" directive is not allowed here in /etc/nginx/nginx.conf:1
2025/06/24 17:08:18 [emerg] 1#1: "server" directive is not allowed here in /etc/nginx/nginx.conf:1
2025/06/24 17:08:19 [emerg] 1#1: "server" directive is not allowed here in /etc/nginx/nginx.conf:1
2025/06/24 17:08:19 [emerg] 1#1: "server" directive is not allowed here in /etc/nginx/nginx.conf:1
2025/06/24 17:08:20 [emerg] 1#1: "server" directive is not allowed here in /etc/nginx/nginx.conf:1
2025/06/24 17:08:21 [emerg] 1#1: "server" directive is not allowed here in /etc/nginx/nginx.conf:1
2025/06/24 17:08:21 [emerg] 1#1: "server" directive is not allowed here in /etc/nginx/nginx.conf:1
2025/06/24 17:08:22 [emerg] 1#1: "server" directive is not allowed here in /etc/nginx/nginx.conf:1
2025/06/24 17:08:23 [emerg] 1#1: "server" directive is not allowed here in /etc/nginx/nginx.conf:1
2025/06/24 17:08:24 [emerg] 1#1: "server" directive is not allowed here in /etc/nginx/nginx.conf:1
2025/06/24 17:08:25 [emerg] 1#1: "server" directive is not allowed here in /etc/nginx/nginx.conf:1
2025/06/24 17:08:26 [emerg] 1#1: "server" directive is not allowed here in /etc/nginx/nginx.conf:1
2025/06/24 17:08:27 [emerg] 1#1: "server" directive is not allowed here in /etc/nginx/nginx.conf:1
2025/06/24 17:08:28 [emerg] 1#1: "server" directive is not allowed here in /etc/nginx/nginx.conf:1
2025/06/24 17:08:29 [emerg] 1#1: "server" directive is not allowed here in /etc/nginx/nginx.conf:1
2025/06/24 17:08:30 [emerg] 1#1: "server" directive is not allowed here in /etc/nginx/nginx.conf:1
2025/06/24 17:08:31 [emerg] 1#1: "server" directive is not allowed here in /etc/nginx/nginx.conf:1
2025/06/24 17:08:31 [emerg] 1#1: "server" directive is not allowed here in /etc/nginx/nginx.conf:1
2025/06/24 17:08:32 [emerg] 1#1: "server" directive is not allowed here in /etc/nginx/nginx.conf:1
2025/06/24 17:08:33 [emerg] 1#1: "server" directive is not allowed here in /etc/nginx/nginx.conf:1
2025/06/24 17:08:34 [emerg] 1#1: "server" directive is not allowed here in /etc/nginx/nginx.conf:1
2025/06/24 17:08:35 [emerg] 1#1: "server" directive is not allowed here in /etc/nginx/nginx.conf:1
2025/06/24 17:08:36 [emerg] 1#1: "server" directive is not allowed here in /etc/nginx/nginx.conf:1
2025/06/24 17:08:37 [emerg] 1#1: "server" directive is not allowed here in /etc/nginx/nginx.conf:1
2025/06/24 17:08:38 [emerg] 1#1: "server" directive is not allowed here in /etc/nginx/nginx.conf:1
2025/06/24 17:08:39 [emerg] 1#1: "server" directive is not allowed here in /etc/nginx/nginx.conf:1
2025/06/24 17:08:40 [emerg] 1#1: "server" directive is not allowed here in /etc/nginx/nginx.conf:1
2025/06/24 17:08:40 [emerg] 1#1: "server" directive is not allowed here in /etc/nginx/nginx.conf:1
2025/06/24 17:08:41 [emerg] 1#1: "server" directive is not allowed here in /etc/nginx/nginx.conf:1
2025/06/24 17:08:42 [emerg] 1#1: "server" directive is not allowed here in /etc/nginx/nginx.conf:1
2025/06/24 17:08:43 [emerg] 1#1: "server" directive is not allowed here in /etc/nginx/nginx.conf:1
2025/06/24 17:08:44 [emerg] 1#1: "server" directive is not allowed here in /etc/nginx/nginx.conf:1
2025/06/24 17:08:45 [emerg] 1#1: "server" directive is not allowed here in /etc/nginx/nginx.conf:1
2025/06/24 17:08:46 [emerg] 1#1: "server" directive is not allowed here in /etc/nginx/nginx.conf:1
2025/06/24 17:08:47 [emerg] 1#1: "server" directive is not allowed here in /etc/nginx/nginx.conf:1
2025/06/24 17:08:48 [emerg] 1#1: "server" directive is not allowed here in /etc/nginx/nginx.conf:1
2025/06/24 17:08:48 [emerg] 1#1: "server" directive is not allowed here in /etc/nginx/nginx.conf:1
2025/06/24 17:08:49 [emerg] 1#1: "server" directive is not allowed here in /etc/nginx/nginx.conf:1
2025/06/24 17:08:50 [emerg] 1#1: "server" directive is not allowed here in /etc/nginx/nginx.conf:1
2025/06/24 17:08:51 [emerg] 1#1: "server" directive is not allowed here in /etc/nginx/nginx.conf:1
2025/06/24 17:08:52 [emerg] 1#1: "server" directive is not allowed here in /etc/nginx/nginx.conf:1
2025/06/24 17:08:53 [emerg] 1#1: "server" directive is not allowed here in /etc/nginx/nginx.conf:1
2025/06/24 17:08:54 [emerg] 1#1: "server" directive is not allowed here in /etc/nginx/nginx.conf:1
2025/06/24 17:08:55 [emerg] 1#1: "server" directive is not allowed here in /etc/nginx/nginx.conf:1
2025/06/24 17:08:56 [emerg] 1#1: "server" directive is not allowed here in /etc/nginx/nginx.conf:1
2025/06/24 17:08:57 [emerg] 1#1: "server" directive is not allowed here in /etc/nginx/nginx.conf:1
2025/06/24 17:08:57 [emerg] 1#1: "server" directive is not allowed here in /etc/nginx/nginx.conf:1
2025/06/24 17:08:58 [emerg] 1#1: "server" directive is not allowed here in /etc/nginx/nginx.conf:1
2025/06/24 17:08:59 [emerg] 1#1: "server" directive is not allowed here in /etc/nginx/nginx.conf:1
2025/06/24 17:09:00 [emerg] 1#1: "server" directive is not allowed here in /etc/nginx/nginx.conf:1
2025/06/24 17:09:01 [emerg] 1#1: "server" directive is not allowed here in /etc/nginx/nginx.conf:1
2025/06/24 17:09:02 [emerg] 1#1: "server" directive is not allowed here in /etc/nginx/nginx.conf:1
2025/06/24 17:09:03 [emerg] 1#1: "server" directive is not allowed here in /etc/nginx/nginx.conf:1
2025/06/24 17:09:04 [emerg] 1#1: "server" directive is not allowed here in /etc/nginx/nginx.conf:1
2025/06/24 17:09:05 [emerg] 1#1: "server" directive is not allowed here in /etc/nginx/nginx.conf:1
2025/06/24 17:09:05 [emerg] 1#1: "server" directive is not allowed here in /etc/nginx/nginx.conf:1
2025/06/24 17:09:06 [notice] 1#1: using the "epoll" event method
2025/06/24 17:09:06 [notice] 1#1: nginx/1.27.5
2025/06/24 17:09:06 [notice] 1#1: built by gcc 14.2.0 (Alpine 14.2.0) 
2025/06/24 17:09:06 [notice] 1#1: OS: Linux 6.8.0-58-generic
2025/06/24 17:09:06 [notice] 1#1: getrlimit(RLIMIT_NOFILE): 1048576:1048576
2025/06/24 17:09:06 [notice] 1#1: start worker processes
2025/06/24 17:09:06 [notice] 1#1: start worker process 15
2025/06/24 17:09:06 [notice] 1#1: start worker process 16
2025/06/24 17:09:20 [notice] 1#1: signal 3 (SIGQUIT) received, shutting down
2025/06/24 17:09:20 [notice] 15#15: gracefully shutting down
2025/06/24 17:09:20 [notice] 15#15: exiting
2025/06/24 17:09:20 [notice] 16#16: gracefully shutting down
2025/06/24 17:09:20 [notice] 16#16: exiting
2025/06/24 17:09:20 [notice] 15#15: exit
2025/06/24 17:09:20 [notice] 16#16: exit
2025/06/24 17:09:20 [notice] 1#1: signal 17 (SIGCHLD) received from 15
2025/06/24 17:09:20 [notice] 1#1: worker process 15 exited with code 0
2025/06/24 17:09:20 [notice] 1#1: signal 29 (SIGIO) received
2025/06/24 17:09:20 [notice] 1#1: signal 17 (SIGCHLD) received from 16
2025/06/24 17:09:20 [notice] 1#1: worker process 16 exited with code 0
2025/06/24 17:09:20 [notice] 1#1: exit
2025/06/24 17:09:21 [notice] 1#1: using the "epoll" event method
2025/06/24 17:09:21 [notice] 1#1: nginx/1.27.5
2025/06/24 17:09:21 [notice] 1#1: built by gcc 14.2.0 (Alpine 14.2.0) 
2025/06/24 17:09:21 [notice] 1#1: OS: Linux 6.8.0-58-generic
2025/06/24 17:09:21 [notice] 1#1: getrlimit(RLIMIT_NOFILE): 1048576:1048576
2025/06/24 17:09:21 [notice] 1#1: start worker processes
2025/06/24 17:09:21 [notice] 1#1: start worker process 15
2025/06/24 17:09:21 [notice] 1#1: start worker process 16
