[2025-06-22 23:43:26] ERROR: Please enter Nix environment with 'nix develop' first
[2025-06-22 23:44:21] Using container engine: podman
[2025-06-22 23:44:21] Checking proxy status...
[2025-06-22 23:44:21] Proxy check is currently a stub and will be implemented in the integration phase.
[2025-06-22 23:44:21] Generating project files for test-project...
[2025-06-22 23:44:21] Creating Dockerfile...
[2025-06-22 23:44:21] Creating docker-compose.yml...
[2025-06-22 23:44:21] Creating nginx.conf...
[2025-06-22 23:44:21] Creating security configuration...
[2025-06-22 23:44:21] Creating compression configuration...
[2025-06-22 23:44:21] Creating sample index.html...
[2025-06-22 23:44:21] Creating 404.html...
[2025-06-22 23:44:21] Creating 50x.html...
[2025-06-22 23:44:21] Project files generated successfully for test-project
[2025-06-22 23:44:21] Configuring development environment for test-project...
[2025-06-22 23:44:21] Generating self-signed certificates...
[2025-06-22 23:44:21] Updating local hosts file...
[2025-06-22 23:44:23] Setting up development environment...
[2025-06-22 23:44:23] Development environment configured successfully for test-project
[2025-06-22 23:44:23] Deploying project container for test-project...
[2025-06-22 23:44:23] Starting development environment...
[2025-06-22 23:44:27] Updating proxy configuration (stub)...
[2025-06-22 23:44:27] Project container deployed successfully for test-project
[2025-06-22 23:44:27] Verifying deployment for test-project...
[2025-06-22 23:44:27] ERROR: Container test-project is not running
