[2025-06-22 21:41:32] ERROR: Domain name is required. Use --domain or -d to specify.
[2025-06-22 21:41:32] ERROR: Output directory is required. Use --output or -o to specify.
[2025-06-22 21:41:32] ERROR: Invalid domain format: invalid-domain
[2025-06-22 21:41:32] ERROR: Environment type must be either DEV or PRO.
[2025-06-22 21:41:32] Generating self-signed certificate for test-domain.local (valid for 365 days)
[2025-06-22 21:41:33] Self-signed certificate generated successfully:
[2025-06-22 21:41:33]   - Private key: /home/isudoajl/projects/nginx-multi-project-IMPL_STAT_2/tests/temp/certs/cert-key.pem
[2025-06-22 21:41:33]   - Certificate: /home/isudoajl/projects/nginx-multi-project-IMPL_STAT_2/tests/temp/certs/cert.pem
[2025-06-22 21:41:33] Certificate details:
[2025-06-22 21:41:33] To trust this certificate in your browser:
[2025-06-22 21:41:33]   - Import /home/isudoajl/projects/nginx-multi-project-IMPL_STAT_2/tests/temp/certs/cert.pem into your browser's certificate store
[2025-06-22 21:41:33]   - For development, you may need to add an exception in your browser
[2025-06-22 21:41:33] Certificate generation process complete!
[2025-06-22 21:41:33] Preparing for production certificate for test-domain.local
[2025-06-22 21:41:33] Certificate Signing Request (CSR) generated successfully:
[2025-06-22 21:41:33]   - Private key: /home/isudoajl/projects/nginx-multi-project-IMPL_STAT_2/tests/temp/certs/cert-key.pem
[2025-06-22 21:41:33]   - CSR file: /home/isudoajl/projects/nginx-multi-project-IMPL_STAT_2/tests/temp/certs/cert.csr
[2025-06-22 21:41:33] CSR details:
[2025-06-22 21:41:33] To obtain a production certificate:
[2025-06-22 21:41:33]   1. Submit the CSR (/home/isudoajl/projects/nginx-multi-project-IMPL_STAT_2/tests/temp/certs/cert.csr) to your certificate authority
[2025-06-22 21:41:33]   2. Once you receive the certificate, save it as /home/isudoajl/projects/nginx-multi-project-IMPL_STAT_2/tests/temp/certs/cert.pem
[2025-06-22 21:41:33]   3. Keep the private key (/home/isudoajl/projects/nginx-multi-project-IMPL_STAT_2/tests/temp/certs/cert-key.pem) secure
[2025-06-22 21:41:33]   4. Configure your web server to use both files
[2025-06-22 21:41:33] Certificate generation process complete!
[2025-06-22 21:41:33] Generating self-signed certificate for test-domain.local (valid for 30 days)
[2025-06-22 21:41:33] Self-signed certificate generated successfully:
[2025-06-22 21:41:33]   - Private key: /home/isudoajl/projects/nginx-multi-project-IMPL_STAT_2/tests/temp/certs/cert-key.pem
[2025-06-22 21:41:33]   - Certificate: /home/isudoajl/projects/nginx-multi-project-IMPL_STAT_2/tests/temp/certs/cert.pem
[2025-06-22 21:41:33] Certificate details:
[2025-06-22 21:41:33] To trust this certificate in your browser:
[2025-06-22 21:41:33]   - Import /home/isudoajl/projects/nginx-multi-project-IMPL_STAT_2/tests/temp/certs/cert.pem into your browser's certificate store
[2025-06-22 21:41:33]   - For development, you may need to add an exception in your browser
[2025-06-22 21:41:33] Certificate generation process complete!
[2025-06-22 21:43:06] ERROR: Domain name is required. Use --domain or -d to specify.
[2025-06-22 21:43:06] ERROR: Output directory is required. Use --output or -o to specify.
[2025-06-22 21:43:06] ERROR: Invalid domain format: invalid-domain
[2025-06-22 21:43:06] ERROR: Environment type must be either DEV or PRO.
[2025-06-22 21:43:07] Generating self-signed certificate for test-domain.local (valid for 365 days)
[2025-06-22 21:43:08] Self-signed certificate generated successfully:
[2025-06-22 21:43:08]   - Private key: /home/isudoajl/projects/nginx-multi-project-IMPL_STAT_2/tests/temp/certs/cert-key.pem
[2025-06-22 21:43:08]   - Certificate: /home/isudoajl/projects/nginx-multi-project-IMPL_STAT_2/tests/temp/certs/cert.pem
[2025-06-22 21:43:08] Certificate details:
[2025-06-22 21:43:08] To trust this certificate in your browser:
[2025-06-22 21:43:08]   - Import /home/isudoajl/projects/nginx-multi-project-IMPL_STAT_2/tests/temp/certs/cert.pem into your browser's certificate store
[2025-06-22 21:43:08]   - For development, you may need to add an exception in your browser
[2025-06-22 21:43:08] Certificate generation process complete!
[2025-06-22 21:43:08] Preparing for production certificate for test-domain.local
[2025-06-22 21:43:08] Certificate Signing Request (CSR) generated successfully:
[2025-06-22 21:43:08]   - Private key: /home/isudoajl/projects/nginx-multi-project-IMPL_STAT_2/tests/temp/certs/cert-key.pem
[2025-06-22 21:43:08]   - CSR file: /home/isudoajl/projects/nginx-multi-project-IMPL_STAT_2/tests/temp/certs/cert.csr
[2025-06-22 21:43:08] CSR details:
[2025-06-22 21:43:08] To obtain a production certificate:
[2025-06-22 21:43:08]   1. Submit the CSR (/home/isudoajl/projects/nginx-multi-project-IMPL_STAT_2/tests/temp/certs/cert.csr) to your certificate authority
[2025-06-22 21:43:08]   2. Once you receive the certificate, save it as /home/isudoajl/projects/nginx-multi-project-IMPL_STAT_2/tests/temp/certs/cert.pem
[2025-06-22 21:43:08]   3. Keep the private key (/home/isudoajl/projects/nginx-multi-project-IMPL_STAT_2/tests/temp/certs/cert-key.pem) secure
[2025-06-22 21:43:08]   4. Configure your web server to use both files
[2025-06-22 21:43:08] Certificate generation process complete!
[2025-06-22 21:43:08] Generating self-signed certificate for test-domain.local (valid for 30 days)
[2025-06-22 21:43:09] Self-signed certificate generated successfully:
[2025-06-22 21:43:09]   - Private key: /home/isudoajl/projects/nginx-multi-project-IMPL_STAT_2/tests/temp/certs/cert-key.pem
[2025-06-22 21:43:09]   - Certificate: /home/isudoajl/projects/nginx-multi-project-IMPL_STAT_2/tests/temp/certs/cert.pem
[2025-06-22 21:43:09] Certificate details:
[2025-06-22 21:43:10] To trust this certificate in your browser:
[2025-06-22 21:43:10]   - Import /home/isudoajl/projects/nginx-multi-project-IMPL_STAT_2/tests/temp/certs/cert.pem into your browser's certificate store
[2025-06-22 21:43:10]   - For development, you may need to add an exception in your browser
[2025-06-22 21:43:10] Certificate generation process complete!
[2025-06-22 23:44:21] Generating self-signed certificate for test-project.local (valid for 365 days)
[2025-06-22 23:44:21] Self-signed certificate generated successfully:
[2025-06-22 23:44:21]   - Private key: /home/isudoajl/projects/nginx-multi-project-INTEGRATION/projects/test-project/certs/cert-key.pem
[2025-06-22 23:44:21]   - Certificate: /home/isudoajl/projects/nginx-multi-project-INTEGRATION/projects/test-project/certs/cert.pem
[2025-06-22 23:44:21] Certificate details:
[2025-06-22 23:44:21] To trust this certificate in your browser:
[2025-06-22 23:44:21]   - Import /home/isudoajl/projects/nginx-multi-project-INTEGRATION/projects/test-project/certs/cert.pem into your browser's certificate store
[2025-06-22 23:44:21]   - For development, you may need to add an exception in your browser
[2025-06-22 23:44:21] Certificate generation process complete!
[2025-06-23 00:47:20] Generating self-signed certificate for demo.local.test (valid for 365 days)
[2025-06-23 00:47:20] Self-signed certificate generated successfully:
[2025-06-23 00:47:20]   - Private key: /home/isudoajl/projects/nginx-multi-project-INTEGRATION/projects/demo-project/certs/cert-key.pem
[2025-06-23 00:47:20]   - Certificate: /home/isudoajl/projects/nginx-multi-project-INTEGRATION/projects/demo-project/certs/cert.pem
[2025-06-23 00:47:20] Certificate details:
[2025-06-23 00:47:20] To trust this certificate in your browser:
[2025-06-23 00:47:20]   - Import /home/isudoajl/projects/nginx-multi-project-INTEGRATION/projects/demo-project/certs/cert.pem into your browser's certificate store
[2025-06-23 00:47:20]   - For development, you may need to add an exception in your browser
[2025-06-23 00:47:20] Certificate generation process complete!
[2025-06-23 18:57:54] Generating self-signed certificate for test-debug.local (valid for 365 days)
[2025-06-23 18:57:54] Self-signed certificate generated successfully:
[2025-06-23 18:57:54]   - Private key: /home/isudoajl/projects/nginx-multi-project-INTEGRATION/projects/test-debug/certs/cert-key.pem
[2025-06-23 18:57:54]   - Certificate: /home/isudoajl/projects/nginx-multi-project-INTEGRATION/projects/test-debug/certs/cert.pem
[2025-06-23 18:57:54] Certificate details:
[2025-06-23 18:57:54] To trust this certificate in your browser:
[2025-06-23 18:57:54]   - Import /home/isudoajl/projects/nginx-multi-project-INTEGRATION/projects/test-debug/certs/cert.pem into your browser's certificate store
[2025-06-23 18:57:54]   - For development, you may need to add an exception in your browser
[2025-06-23 18:57:54] Certificate generation process complete!
[2025-06-23 19:19:58] ERROR: Output directory is required. Use --output or -o to specify.
[2025-06-23 19:20:21] Generating self-signed certificate for test-debug.local (valid for 365 days)
[2025-06-23 19:20:22] Self-signed certificate generated successfully:
[2025-06-23 19:20:22]   - Private key: ./proxy/certs/cert-key.pem
[2025-06-23 19:20:22]   - Certificate: ./proxy/certs/cert.pem
[2025-06-23 19:20:22] Certificate details:
[2025-06-23 19:20:22] To trust this certificate in your browser:
[2025-06-23 19:20:22]   - Import ./proxy/certs/cert.pem into your browser's certificate store
[2025-06-23 19:20:22]   - For development, you may need to add an exception in your browser
[2025-06-23 19:20:22] Certificate generation process complete!
[2025-06-23 20:40:39] Generating self-signed certificate for fresh-test.local (valid for 365 days)
[2025-06-23 20:40:39] Self-signed certificate generated successfully:
[2025-06-23 20:40:39]   - Private key: /home/isudoajl/projects/nginx-multi-project-INTEGRATION/projects/fresh-test/certs/cert-key.pem
[2025-06-23 20:40:39]   - Certificate: /home/isudoajl/projects/nginx-multi-project-INTEGRATION/projects/fresh-test/certs/cert.pem
[2025-06-23 20:40:39] Certificate details:
[2025-06-23 20:40:39] To trust this certificate in your browser:
[2025-06-23 20:40:39]   - Import /home/isudoajl/projects/nginx-multi-project-INTEGRATION/projects/fresh-test/certs/cert.pem into your browser's certificate store
[2025-06-23 20:40:39]   - For development, you may need to add an exception in your browser
[2025-06-23 20:40:39] Certificate generation process complete!
[2025-06-23 20:41:18] Generating self-signed certificate for fresh-test.local (valid for 365 days)
[2025-06-23 20:41:18] Self-signed certificate generated successfully:
[2025-06-23 20:41:18]   - Private key: /home/isudoajl/projects/nginx-multi-project-INTEGRATION/projects/fresh-test/certs/cert-key.pem
[2025-06-23 20:41:18]   - Certificate: /home/isudoajl/projects/nginx-multi-project-INTEGRATION/projects/fresh-test/certs/cert.pem
[2025-06-23 20:41:18] Certificate details:
[2025-06-23 20:41:18] To trust this certificate in your browser:
[2025-06-23 20:41:18]   - Import /home/isudoajl/projects/nginx-multi-project-INTEGRATION/projects/fresh-test/certs/cert.pem into your browser's certificate store
[2025-06-23 20:41:18]   - For development, you may need to add an exception in your browser
[2025-06-23 20:41:18] Certificate generation process complete!
[2025-06-23 20:43:16] Generating self-signed certificate for fresh-test.local (valid for 365 days)
[2025-06-23 20:43:16] Self-signed certificate generated successfully:
[2025-06-23 20:43:16]   - Private key: /home/isudoajl/projects/nginx-multi-project-INTEGRATION/projects/fresh-test/certs/cert-key.pem
[2025-06-23 20:43:16]   - Certificate: /home/isudoajl/projects/nginx-multi-project-INTEGRATION/projects/fresh-test/certs/cert.pem
[2025-06-23 20:43:16] Certificate details:
[2025-06-23 20:43:16] To trust this certificate in your browser:
[2025-06-23 20:43:16]   - Import /home/isudoajl/projects/nginx-multi-project-INTEGRATION/projects/fresh-test/certs/cert.pem into your browser's certificate store
[2025-06-23 20:43:16]   - For development, you may need to add an exception in your browser
[2025-06-23 20:43:16] Certificate generation process complete!
[2025-06-23 20:46:55] Generating self-signed certificate for fresh-test.local (valid for 365 days)
[2025-06-23 20:46:55] Self-signed certificate generated successfully:
[2025-06-23 20:46:55]   - Private key: /home/isudoajl/projects/nginx-multi-project-INTEGRATION/projects/fresh-test/certs/cert-key.pem
[2025-06-23 20:46:55]   - Certificate: /home/isudoajl/projects/nginx-multi-project-INTEGRATION/projects/fresh-test/certs/cert.pem
[2025-06-23 20:46:55] Certificate details:
[2025-06-23 20:46:55] To trust this certificate in your browser:
[2025-06-23 20:46:55]   - Import /home/isudoajl/projects/nginx-multi-project-INTEGRATION/projects/fresh-test/certs/cert.pem into your browser's certificate store
[2025-06-23 20:46:55]   - For development, you may need to add an exception in your browser
[2025-06-23 20:46:55] Certificate generation process complete!
[2025-06-23 20:57:05] Generating self-signed certificate for second-app.local (valid for 365 days)
[2025-06-23 20:57:05] Self-signed certificate generated successfully:
[2025-06-23 20:57:05]   - Private key: /home/isudoajl/projects/nginx-multi-project-INTEGRATION/projects/second-app/certs/cert-key.pem
[2025-06-23 20:57:05]   - Certificate: /home/isudoajl/projects/nginx-multi-project-INTEGRATION/projects/second-app/certs/cert.pem
[2025-06-23 20:57:05] Certificate details:
[2025-06-23 20:57:05] To trust this certificate in your browser:
[2025-06-23 20:57:05]   - Import /home/isudoajl/projects/nginx-multi-project-INTEGRATION/projects/second-app/certs/cert.pem into your browser's certificate store
[2025-06-23 20:57:05]   - For development, you may need to add an exception in your browser
[2025-06-23 20:57:05] Certificate generation process complete!
[2025-06-23 23:38:20] Preparing for production certificate for mapakms.com
[2025-06-23 23:38:20] Certificate Signing Request (CSR) generated successfully:
[2025-06-23 23:38:20]   - Private key: /opt/nginx-multi-project/projects/mapa-kms/certs/cert-key.pem
[2025-06-23 23:38:20]   - CSR file: /opt/nginx-multi-project/projects/mapa-kms/certs/cert.csr
[2025-06-23 23:38:20] CSR details:
[2025-06-23 23:38:20] To obtain a production certificate:
[2025-06-23 23:38:20]   1. Submit the CSR (/opt/nginx-multi-project/projects/mapa-kms/certs/cert.csr) to your certificate authority
[2025-06-23 23:38:20]   2. Once you receive the certificate, save it as /opt/nginx-multi-project/projects/mapa-kms/certs/cert.pem
[2025-06-23 23:38:20]   3. Keep the private key (/opt/nginx-multi-project/projects/mapa-kms/certs/cert-key.pem) secure
[2025-06-23 23:38:20]   4. Configure your web server to use both files
[2025-06-23 23:38:20] Certificate generation process complete!
[2025-06-24 00:07:00] Preparing for production certificate for mapakms.com
[2025-06-24 00:07:01] Certificate Signing Request (CSR) generated successfully:
[2025-06-24 00:07:01]   - Private key: /opt/nginx-multi-project/projects/mapa-kms/certs/cert-key.pem
[2025-06-24 00:07:01]   - CSR file: /opt/nginx-multi-project/projects/mapa-kms/certs/cert.csr
[2025-06-24 00:07:01] CSR details:
[2025-06-24 00:07:01] To obtain a production certificate:
[2025-06-24 00:07:01]   1. Submit the CSR (/opt/nginx-multi-project/projects/mapa-kms/certs/cert.csr) to your certificate authority
[2025-06-24 00:07:01]   2. Once you receive the certificate, save it as /opt/nginx-multi-project/projects/mapa-kms/certs/cert.pem
[2025-06-24 00:07:01]   3. Keep the private key (/opt/nginx-multi-project/projects/mapa-kms/certs/cert-key.pem) secure
[2025-06-24 00:07:01]   4. Configure your web server to use both files
[2025-06-24 00:07:01] Certificate generation process complete!
[2025-06-24 00:12:04] Preparing for production certificate for mapakms.com
[2025-06-24 00:12:04] Certificate Signing Request (CSR) generated successfully:
[2025-06-24 00:12:04]   - Private key: /opt/nginx-multi-project/projects/mapa-kms/certs/cert-key.pem
[2025-06-24 00:12:04]   - CSR file: /opt/nginx-multi-project/projects/mapa-kms/certs/cert.csr
[2025-06-24 00:12:04] CSR details:
[2025-06-24 00:12:04] To obtain a production certificate:
[2025-06-24 00:12:04]   1. Submit the CSR (/opt/nginx-multi-project/projects/mapa-kms/certs/cert.csr) to your certificate authority
[2025-06-24 00:12:04]   2. Once you receive the certificate, save it as /opt/nginx-multi-project/projects/mapa-kms/certs/cert.pem
[2025-06-24 00:12:04]   3. Keep the private key (/opt/nginx-multi-project/projects/mapa-kms/certs/cert-key.pem) secure
[2025-06-24 00:12:04]   4. Configure your web server to use both files
[2025-06-24 00:12:04] Certificate generation process complete!
